<?xml version="1.0" encoding="UTF-8"?>
<!-- Generated by org.testng.reporters.JUnitReportReporter -->
<testsuite skipped="0" hostname="M-KNARESH" name="automationConcepts.VerificationsUsingTestNG" tests="1" failures="0" timestamp="20 Oct 2017 02:01:34 GMT" time="17.467" errors="0">
  <testcase name="exForverifications" time="17.467" classname="automationConcepts.VerificationsUsingTestNG"/>
</testsuite> <!-- automationConcepts.VerificationsUsingTestNG -->
