<?xml version="1.0" encoding="UTF-8"?>
<!-- Generated by org.testng.reporters.JUnitReportReporter -->
<testsuite skipped="0" hostname="M-KNARESH" name="sWDConcepts.HandleDiffObjs" tests="1" failures="0" timestamp="12 Oct 2017 02:05:16 GMT" time="42.492" errors="0">
  <testcase name="handletableComplexXPATH" time="42.492" classname="sWDConcepts.HandleDiffObjs"/>
</testsuite> <!-- sWDConcepts.HandleDiffObjs -->
