<?xml version="1.0" encoding="UTF-8"?>
<!-- Generated by org.testng.reporters.JUnitReportReporter -->
<testsuite skipped="0" hostname="M-KNARESH" name="sWDConcepts.FirstSWDWithoutRec" tests="1" failures="0" timestamp="12 Oct 2017 01:40:10 GMT" time="37.412" errors="0">
  <testcase name="searchItemChrome" time="37.412" classname="sWDConcepts.FirstSWDWithoutRec"/>
</testsuite> <!-- sWDConcepts.FirstSWDWithoutRec -->
