<?xml version="1.0" encoding="UTF-8"?>
<!-- Generated by org.testng.reporters.JUnitReportReporter -->
<testsuite skipped="0" hostname="M-KNARESH" name="javaConcepts.AmazonUsingTestNG" tests="3" failures="0" timestamp="05 Oct 2017 01:46:13 GMT" time="9.026" errors="0">
  <testcase name="purchaseItem" time="3.007" classname="javaConcepts.AmazonUsingTestNG"/>
  <testcase name="updateOrder" time="3.004" classname="javaConcepts.AmazonUsingTestNG"/>
  <testcase name="trashOrder" time="3.015" classname="javaConcepts.AmazonUsingTestNG"/>
</testsuite> <!-- javaConcepts.AmazonUsingTestNG -->
